awk: fatal: cannot open file `hpc/configs/2_6r7m_config.txt' for reading: No such file or directory
  Activating project at `/work/spirandelli/MorphoMolHPC`
ERROR: LoadError: IOError: mkdir("/srv/software/eb24/software/Julia/1.10.0-linux-x86_64/logs"; mode=0o777): read-only file system (EROFS)
Stacktrace:
  [1] uv_error
    @ Base ./libuv.jl:100 [inlined]
  [2] mkdir(path::String; mode::UInt16)
    @ Base.Filesystem ./file.jl:185
  [3] mkdir
    @ Base.Filesystem ./file.jl:177 [inlined]
  [4] mkpath(path::String; mode::UInt16)
    @ Base.Filesystem ./file.jl:241
  [5] mkpath
    @ Base.Filesystem ./file.jl:235 [inlined]
  [6] write_env_usage(source_file::String, usage_filepath::String)
    @ Pkg.Types /srv/software/eb24/software/Julia/1.10.0-linux-x86_64/share/julia/stdlib/v1.10/Pkg/src/Types.jl:533
  [7] Pkg.Types.EnvCache(env::Nothing)
    @ Pkg.Types /srv/software/eb24/software/Julia/1.10.0-linux-x86_64/share/julia/stdlib/v1.10/Pkg/src/Types.jl:377
  [8] EnvCache
    @ Pkg.Types /srv/software/eb24/software/Julia/1.10.0-linux-x86_64/share/julia/stdlib/v1.10/Pkg/src/Types.jl:356 [inlined]
  [9] add_snapshot_to_undo(env::Nothing)
    @ Pkg.API /srv/software/eb24/software/Julia/1.10.0-linux-x86_64/share/julia/stdlib/v1.10/Pkg/src/API.jl:2183
 [10] add_snapshot_to_undo(env::Nothing)
    @ Pkg.API /srv/software/eb24/software/Julia/1.10.0-linux-x86_64/share/julia/stdlib/v1.10/Pkg/src/API.jl:2179 [inlined]
 [11] activate(path::String; shared::Bool, temp::Bool, io::IOStream)
    @ Pkg.API /srv/software/eb24/software/Julia/1.10.0-linux-x86_64/share/julia/stdlib/v1.10/Pkg/src/API.jl:1966
 [12] activate(path::String)
    @ Pkg.API /srv/software/eb24/software/Julia/1.10.0-linux-x86_64/share/julia/stdlib/v1.10/Pkg/src/API.jl:1925
 [13] top-level scope
    @ /work/spirandelli/MorphoMolHPC/julia_scripts/rwm_call.jl:2
 [14] include(fname::String)
    @ Base.MainInclude ./client.jl:489
 [15] top-level scope
    @ none:1
in expression starting at /work/spirandelli/MorphoMolHPC/julia_scripts/rwm_call.jl:2
cp: cannot stat 'simulation_output/*': No such file or directory
